
$ [32mgit clone git@localhost:smarla/metadatio .[0m
/opt/local/gnocci/vendor/cache/mixlib-shellout-e30a3b6a9e49/lib/mixlib/shellout/unix.rb:277: warning: Insecure world writable dir /opt/local/rbenv/shims in PATH, mode 040777
Cloning into '.'...
Warning: Permanently added 'localhost' (RSA) to the list of known hosts.
Command [32mgit clone git@localhost:smarla/metadatio .[0m exited successfully with status 0.
Took 1.57 seconds.

$ [32mgit checkout master[0m
/opt/local/gnocci/vendor/cache/mixlib-shellout-e30a3b6a9e49/lib/mixlib/shellout/unix.rb:277: warning: Insecure world writable dir /opt/local/rbenv/shims in PATH, mode 040777
Already on 'master'
Your branch is up-to-date with 'origin/master'.
Command [32mgit checkout master[0m exited successfully with status 0.
Took 0.04364 seconds.

$ [32mgit reset --hard 04d3c8f581f2f6be1ab451aacd4ab0dc283952e0[0m
/opt/local/gnocci/vendor/cache/mixlib-shellout-e30a3b6a9e49/lib/mixlib/shellout/unix.rb:277: warning: Insecure world writable dir /opt/local/rbenv/shims in PATH, mode 040777
HEAD is now at 04d3c8f ignoring everything on builds
Command [32mgit reset --hard 04d3c8f581f2f6be1ab451aacd4ab0dc283952e0[0m exited successfully with status 0.
Took 0.04402 seconds.

$ [32mgit submodule update --init --recursive[0m
/opt/local/gnocci/vendor/cache/mixlib-shellout-e30a3b6a9e49/lib/mixlib/shellout/unix.rb:277: warning: Insecure world writable dir /opt/local/rbenv/shims in PATH, mode 040777
Command [32mgit submodule update --init --recursive[0m exited successfully with status 0.
Took 0.04208 seconds.

Fetching artifacts from stage Test
$ export SNAP_CI=true
$ export CI=true
$ export SNAP_CACHE_DIR=/var/go
$ export LANG=en_US.UTF-8
$ export LC_ALL=en_US.UTF-8
$ export SNAP_WORKING_DIR=/var/snap-ci/repo
$ export SNAP_PIPELINE_COUNTER=9
$ export SNAP_STAGE_NAME=Tag
$ export SNAP_BRANCH=master
$ export SNAP_COMMIT=04d3c8f581f2f6be1ab451aacd4ab0dc283952e0
$ export SNAP_COMMIT_SHORT=04d3c8f
$ export SNAP_TRACKING_PIPELINE=true
$ export SNAP_INTEGRATION_PIPELINE=false

$ [32mnvm install v6.0.0 2>/dev/null[0m
Now using node v6.0.0 (npm v3.8.6)
Command [32mnvm install v6.0.0 2>/dev/null[0m exited successfully with status 0.
Took 4 seconds.

$ [32mif [ -d ${SNAP_CACHE_DIR}/node_modules ]; then mv -f ${SNAP_CACHE_DIR}/node_modules .; fi # move any cached node_modules into the currently working directory[0m
Command [32mif [ -d ${SNAP_CACHE_DIR}/node_modules ]; then mv -f ${SNAP_CACHE_DIR}/node_modules .; fi # move any cached node_modules into the currently working directory[0m exited successfully with status 0.
Took 4 seconds.

$ [32mnpm install[0m
metadatio@0.7.22 /var/snap-ci/repo
└─┬ babel-loader@6.2.4
  └─┬ mkdirp@0.5.1
    └── minimist@0.0.8 

npm WARN optional Skipping failed optional dependency /chokidar/fsevents:
npm WARN notsup Not compatible with your operating system or architecture: fsevents@1.0.12
Command [32mnpm install[0m exited successfully with status 0.
Took 10.59 seconds.

$ [32mbash scripts/tag.sh[0m
Command [32mbash scripts/tag.sh[0m exited successfully with status 0.
Took 10.6 seconds.

$ [32mif [ -d /var/snap-ci/repo/node_modules ]; then mv -f /var/snap-ci/repo/node_modules /var/go; fi # cache the node_modules for the subsequent builds[0m
Command [32mif [ -d /var/snap-ci/repo/node_modules ]; then mv -f /var/snap-ci/repo/node_modules /var/go; fi # cache the node_modules for the subsequent builds[0m exited successfully with status 0.
Took 10.61 seconds.

Saving console log for later
